--CS 3810 HW7 Hoyt Andres

--result of db.flights.find()

{ "_id" : ObjectId("5a0bc968ca97422b86fc6c84"), "airline" : "United", "flight_number" : 101, "origin" : "Toronto", "destination" : "New York", "departure_date" : "3/12/2017", "departure_time" : "1:00am", "arrival_date" : "3/12/2017", "arrival_time" : "4:00am", "flight_length" : "3 hours 0 minutes" }
{ "_id" : ObjectId("5a0bcb3bca97422b86fc6c8e"), "airline" : "United", "flight_number" : 101, "origin" : "Toronto", "destination" : "New York", "departure_date" : "3/12/2017", "departure_time" : "1:00am", "arrival_date" : "3/12/2017", "arrival_time" : "4:00am", "flight_length" : "3 hours 0 minutes" }
{ "_id" : ObjectId("5a0bcd2bca97422b86fc6cbf"), "airline" : "United", "flight_number" : 104, "origin" : "New York", "destination" : "Toronto", "departure_date" : "3/11/2017", "departure_time" : "4:00am", "arrival_date" : "3/11/2017", "arrival_time" : "7:00am", "flight_length" : "3 hours 0 minutes" }
{ "_id" : ObjectId("5a0bcd2bca97422b86fc6cc0"), "airline" : "United", "flight_number" : 105, "origin" : "New York", "destination" : "Chicago", "departure_date" : "9/10/2017", "departure_time" : "5:00am", "arrival_date" : "9/10/2017", "arrival_time" : "8:00am", "flight_length" : "3 hours 0 minutes" }
{ "_id" : ObjectId("5a0bcd2bca97422b86fc6cc1"), "airline" : "United", "flight_number" : 106, "origin" : "Chicago", "destination" : "Toronto", "departure_date" : "1/2/2017", "departure_time" : "6:00am", "arrival_date" : "1/2/2017", "arrival_time" : "9:00am", "flight_length" : "3 hours 0 minutes" }
{ "_id" : ObjectId("5a0bcd2bca97422b86fc6cc2"), "airline" : "United", "flight_number" : 102, "origin" : "Toronto", "destination" : "Chicago", "departure_date" : "4/2/2017", "departure_time" : "2:00am", "arrival_date" : "4/2/2017", "arrival_time" : "5:00am", "flight_length" : "3 hours 0 minutes" }
{ "_id" : ObjectId("5a0bcd2bca97422b86fc6cc3"), "airline" : "United", "flight_number" : 103, "origin" : "Toronto", "destination" : "London", "departure_date" : "5/1/2017", "departure_time" : "3:00am", "arrival_date" : "5/1/2017", "arrival_time" : "6:00am", "flight_length" : "3 hours 0 minutes" }
{ "_id" : ObjectId("5a0bcd2bca97422b86fc6cc4"), "airline" : "United", "flight_number" : 107, "origin" : "Chicago", "destination" : "New York", "departure_date" : "2/3/2017", "departure_time" : "7:00am", "arrival_date" : "2/3/2017", "arrival_time" : "10:00am", "flight_length" : "3 hours 0 minutes" }
{ "_id" : ObjectId("5a0bcd2bca97422b86fc6cc5"), "airline" : "United", "flight_number" : 108, "origin" : "London", "destination" : "Toronto", "departure_date" : "3/4/2017", "departure_time" : "8:00am", "arrival_date" : "3/4/2017", "arrival_time" : "11:00am", "flight_length" : "3 hours 0 minutes" }
{ "_id" : ObjectId("5a0bcd2bca97422b86fc6cc6"), "airline" : "British Airways", "flight_number" : 109, "origin" : "London", "destination" : "Toronto", "departure_date" : "4/5/2017", "departure_time" : "9:00am", "arrival_date" : "4/5/2017", "arrival_time" : "12:00pm", "flight_length" : "3 hours 0 minutes" }
{ "_id" : ObjectId("5a0bcd2bca97422b86fc6cc7"), "airline" : "British Airways", "flight_number" : 111, "origin" : "London", "destination" : "Paris", "departure_date" : "6/7/2017", "departure_time" : "11:00am", "arrival_date" : "6/7/2017", "arrival_time" : "2:00pm", "flight_length" : "3 hours 0 minutes" }
{ "_id" : ObjectId("5a0bcd2bca97422b86fc6cc8"), "airline" : "United", "flight_number" : 101, "origin" : "Toronto", "destination" : "New York", "departure_date" : "3/12/2017", "departure_time" : "1:00am", "arrival_date" : "3/12/2017", "arrival_time" : "4:00am", "flight_length" : "3 hours 0 minutes" }
{ "_id" : ObjectId("5a0bcd2bca97422b86fc6cc9"), "airline" : "British Airways", "flight_number" : 113, "origin" : "Edinburgh", "destination" : "Toronto", "departure_date" : "8/9/2017", "departure_time" : "1:00pm", "arrival_date" : "8/9/2017", "arrival_time" : "4:00pm", "flight_length" : "3 hours 0 minutes" }
{ "_id" : ObjectId("5a0bcd2bca97422b86fc6cca"), "airline" : "British Airways", "flight_number" : 114, "origin" : "Edinburgh", "destination" : "Montreal", "departure_date" : "9/10/2017", "departure_time" : "2:00pm", "arrival_date" : "9/10/2017", "arrival_time" : "5:00pm", "flight_length" : "3 hours 0 minutes" }
{ "_id" : ObjectId("5a0bcd2bca97422b86fc6ccb"), "airline" : "British Airways", "flight_number" : 115, "origin" : "Edinburgh", "destination" : "London", "departure_date" : "10/11/2017", "departure_time" : "3:00pm", "arrival_date" : "10/11/2017", "arrival_time" : "6:00pm", "flight_length" : "3 hours 0 minutes" }
{ "_id" : ObjectId("5a0bcd2bca97422b86fc6ccc"), "airline" : "British Airways", "flight_number" : 116, "origin" : "Edinburgh", "destination" : "Paris", "departure_date" : "11/12/2017", "departure_time" : "4:00pm", "arrival_date" : "11/12/2017", "arrival_time" : "7:00pm", "flight_length" : "3 hours 0 minutes" }
{ "_id" : ObjectId("5a0bcd2bca97422b86fc6ccd"), "airline" : "British Airways", "flight_number" : 117, "origin" : "Edinburgh", "destination" : "Nice", "departure_date" : "12/13/2017", "departure_time" : "5:00pm", "arrival_date" : "12/13/2017", "arrival_time" : "8:00pm", "flight_length" : "3 hours 0 minutes" }
{ "_id" : ObjectId("5a0bcd2bca97422b86fc6cce"), "airline" : "British Airways", "flight_number" : 118, "origin" : "Paris", "destination" : "London", "departure_date" : "2/1/2017", "departure_time" : "6:00pm", "arrival_date" : "2/1/2017", "arrival_time" : "9:00pm", "flight_length" : "3 hours 0 minutes" }
{ "_id" : ObjectId("5a0bcd2bca97422b86fc6ccf"), "airline" : "British Airways", "flight_number" : 112, "origin" : "London", "destination" : "Nice", "departure_date" : "7/8/2017", "departure_time" : "12:00pm", "arrival_date" : "7/8/2017", "arrival_time" : "3:00pm", "flight_length" : "3 hours 0 minutes" }
{ "_id" : ObjectId("5a0bcd2bca97422b86fc6cd0"), "airline" : "British Airways", "flight_number" : 120, "origin" : "Paris", "destination" : "Nice", "departure_date" : "4/3/2017", "departure_time" : "2:00am", "arrival_date" : "4/3/2017", "arrival_time" : "5:00am", "flight_length" : "3 hours 0 minutes" }{ "_id" : ObjectId("5a0bcd2bca97422b86fc6cd1"), "airline" : "British Airways", "flight_number" : 119, "origin" : "Paris", "destination" : "Edinburgh", "departure_date" : "3/2/2017", "departure_time" : "1:00am", "arrival_date" : "3/2/2017", "arrival_time" : "4:00am", "flight_length" : "3 hours 0 minutes" }
{ "_id" : ObjectId("5a0bcd2bca97422b86fc6cd2"), "airline" : "British Airways", "flight_number" : 121, "origin" : "Nice", "destination" : "London", "departure_date" : "5/4/2017", "departure_time" : "3:00am", "arrival_date" : "5/4/2017", "arrival_time" : "6:00am", "flight_length" : "3 hours 0 minutes" }
{ "_id" : ObjectId("5a0bcd2bca97422b86fc6cd3"), "airline" : "British Airways", "flight_number" : 123, "origin" : "Nice", "destination" : "Paris", "departure_date" : "7/6/2017", "departure_time" : "5:00am", "arrival_date" : "7/6/2017", "arrival_time" : "8:00am", "flight_length" : "3 hours 0 minutes" }
{ "_id" : ObjectId("5a0bcd2bca97422b86fc6cd4"), "airline" : "British Airways", "flight_number" : 122, "origin" : "Nice", "destination" : "Edinburgh", "departure_date" : "6/5/2017", "departure_time" : "4:00am", "arrival_date" : "6/5/2017", "arrival_time" : "7:00am", "flight_length" : "3 hours 0 minutes" }
{ "_id" : ObjectId("5a0bcd2bca97422b86fc6cd5"), "airline" : "British Airways", "flight_number" : 110, "origin" : "London", "destination" : "Edinburgh", "departure_date" : "5/6/2017", "departure_time" : "10:00am", "arrival_date" : "5/6/2017", "arrival_time" : "1:00pm", "flight_length" : "3 hours 0 minutes" }
{ "_id" : ObjectId("5a0bcd2bca97422b86fc6cd6"), "airline" : "Air Canada", "flight_number" : 124, "origin" : "Toronto", "destination" : "Montreal", "departure_date" : "8/7/2017", "departure_time" : "6:00am", "arrival_date" : "8/7/2017", "arrival_time" : "9:00am", "flight_length" : "3 hours 0 minutes" }
{ "_id" : ObjectId("5a0bcd2bca97422b86fc6cd7"), "airline" : "Air Canada", "flight_number" : 125, "origin" : "Toronto", "destination" : "Edinburgh", "departure_date" : "9/8/2017", "departure_time" : "7:00am", "arrival_date" : "9/8/2017", "arrival_time" : "10:00am", "flight_length" : "3 hours 0 minutes" }
{ "_id" : ObjectId("5a0bcd2bca97422b86fc6cd8"), "airline" : "Air Canada", "flight_number" : 128, "origin" : "Monteal", "destination" : "Edinburgh", "departure_date" : "12/12/2017", "departure_time" : "10:00am", "arrival_date" : "12/12/2017", "arrival_time" : "1:00pm", "flight_length" : "3 hours 0 minutes" }
{ "_id" : ObjectId("5a0bcd2bca97422b86fc6cd9"), "airline" : "Air Canada", "flight_number" : 126, "origin" : "Monteal", "destination" : "Toronto", "departure_date" : "10/9/2017", "departure_time" : "8:00am", "arrival_date" : "10/9/2017", "arrival_time" : "11:00am", "flight_length" : "3 hours 0 minutes" }
{ "_id" : ObjectId("5a0bcd2bca97422b86fc6cda"), "airline" : "Air Canada", "flight_number" : 127, "origin" : "Monteal", "destination" : "London", "departure_date" : "11/10/2017", "departure_time" : "9:00am", "arrival_date" : "11/10/2017", "arrival_time" : "12:00pm", "flight_length" : "3 hours 0 minutes" }

--result of db.customers.find()
{ "_id" : ObjectId("5a0bd438ca97422b86fc6cef"), "customer_id" : 1, "first_name" : "Bob", "last_name" : "Dylan", "street" : "23 Skadoo St", "city" : "Denver", "state" : "CO", "zip" : "93000", "country" : "USA", "country_code" : 1, "area_code" : 303, "local_number" : "555-4933", "email1" : "bob@dylan.org", "email2" : null, "email3" : null, "email4" : null }

--result of db.reservations.find()
{ "_id" : ObjectId("5a0bd453ca97422b86fc6cf5"), "reservation_id" : 1, "customer_name" : "Bob Dylan", "flight_number" : 111, "date" : "6/7/2017", "origin" : "London", "destination" : "Paris", "departure_time" : "11:00am", "arrival_time" : "2:00pm" }
